<?xml version="1.0" encoding="UTF-8"?>
<!-- Generated by org.testng.reporters.JUnitReportReporter -->
<testsuite hostname="YP1004039LT" failures="0" tests="1" name="com.deere.Helpers.Invoke" time="16.975" errors="0" timestamp="15 Nov 2018 13:09:44 GMT">
  <testcase classname="com.deere.Helpers.Invoke" name="invokeUserCredentials" time="16.975"/>
</testsuite> <!-- com.deere.Helpers.Invoke -->
